-------------------------------------------------------------------------------
Test set: com.example.demo.PrenotaUnCampoApplicationTests
-------------------------------------------------------------------------------
Tests run: 1, Failures: 0, Errors: 1, Skipped: 0, Time elapsed: 0.564 s <<< FAILURE! - in com.example.demo.PrenotaUnCampoApplicationTests
initializationError(com.example.demo.PrenotaUnCampoApplicationTests)  Time elapsed: 0.011 s  <<< ERROR!
java.lang.IllegalStateException: Unable to find a @SpringBootConfiguration, you need to use @ContextConfiguration or @SpringBootTest(classes=...) with your test

